Runtime: 0.489s

Distinct solutions: 12

most distinct Figures (pink):
6 distinct Figures
Fan→Fan→Hover→Fan→Hockey_Stick→Fan→Fan→Fan→Fan→Appel→Bounce→Aida
ABCDEFGHIJKLMNOP
MKHLEIOJGDCPNABF
NCJPEGBDOLHFAMKI
OEKMPAJNHILCBFDG
BECNFMDAJGPHKILO
AFIHPEDGNJLBOMKC
MIGJFELOADPKBNCH
NGODIEPBMLFCKAHJ
AOBLGEFKNPIHCMJD
MBKPOEICAFGJHNDL
NIDGELHOJKBMCAFP
NFMEHGPKBOJLIACD
ABCDEFGHIJKLMNOP

most Figures (yellow):
12 Figures
Fan→Fan→Hover→Fan→Hockey_Stick→Fan→Fan→Fan→Fan→Appel→Bounce→Aida
ABCDEFGHIJKLMNOP
MKHLEIOJGDCPNABF
NCJPEGBDOLHFAMKI
OEKMPAJNHILCBFDG
BECNFMDAJGPHKILO
AFIHPEDGNJLBOMKC
MIGJFELOADPKBNCH
NGODIEPBMLFCKAHJ
AOBLGEFKNPIHCMJD
MBKPOEICAFGJHNDL
NIDGELHOJKBMCAFP
NFMEHGPKBOJLIACD
ABCDEFGHIJKLMNOP

least Figures (blue):
12 Figures
Fan→Fan→Hover→Fan→Hockey_Stick→Fan→Fan→Fan→Fan→Appel→Bounce→Aida
ABCDEFGHIJKLMNOP
MKHLEIOJGDCPNABF
NCJPEGBDOLHFAMKI
OEKMPAJNHILCBFDG
BECNFMDAJGPHKILO
AFIHPEDGNJLBOMKC
MIGJFELOADPKBNCH
NGODIEPBMLFCKAHJ
AOBLGEFKNPIHCMJD
MBKPOEICAFGJHNDL
NIDGELHOJKBMCAFP
NFMEHGPKBOJLIACD
ABCDEFGHIJKLMNOP

longest Distance (green):
1154m
Fan→Fan→Hover→Fan→Hockey_Stick→Fan→Fan→Fan→Fan→Appel→Bounce→Aida
ABCDEFGHIJKLMNOP
MKHLEIOJGDCPNABF
NCJPEGBDOLHFAMKI
OEKMPAJNHILCBFDG
BECNFMDAJGPHKILO
AFIHPEDGNJLBOMKC
MIGJFELOADPKBNCH
NGODIEPBMLFCKAHJ
AOBLGEFKNPIHCMJD
MBKPOEICAFGJHNDL
NIDGELHOJKBMCAFP
NFMEHGPKBOJLIACD
ABCDEFGHIJKLMNOP

shortest Distance (red):
1154m
Fan→Fan→Hover→Fan→Hockey_Stick→Fan→Fan→Fan→Fan→Appel→Bounce→Aida
ABCDEFGHIJKLMNOP
MKHLEIOJGDCPNABF
NCJPEGBDOLHFAMKI
OEKMPAJNHILCBFDG
BECNFMDAJGPHKILO
AFIHPEDGNJLBOMKC
MIGJFELOADPKBNCH
NGODIEPBMLFCKAHJ
AOBLGEFKNPIHCMJD
MBKPOEICAFGJHNDL
NIDGELHOJKBMCAFP
NFMEHGPKBOJLIACD
ABCDEFGHIJKLMNOP