Runtime: 0.015s

Distinct solutions: 13

most distinct Figures (pink):
2 distinct Figures
Cast_Up→Cast_Four→Cast_Up→Cast_Four→Cast_Up→Cast_Four→Cast_Up→Cast_Four→Cast_Four→Cast_Four→Cast_Four→Cast_Four
ABCDEFGHIJKLMNOP
PABCDEFGHIJKLMNO
MBCDAFGHEJKLINOP
LABCPEFGDIJKHMNO
IBCDMFGHAJKLENOP
HABCLEFGPIJKDMNO
EBCDIFGHMJKLANOP
DABCHEFGLIJKPMNO
ABCDEFGHIJKLMNOP
BCDAFGHEJKLINOPM
CDABGHEFKLIJOPMN
DABCHEFGLIJKPMNO
ABCDEFGHIJKLMNOP

most Figures (yellow):
16 Figures
Cast_Four→Cast_Four→Cast_Four→Cast_Four→Cast_Four→Cast_Four→Cast_Four→Cast_Four→Cast_Four→Cast_Four→Cast_Four→Cast_Four→Cast_Four→Cast_Four→Cast_Four→Cast_Four
ABCDEFGHIJKLMNOP
BCDAFGHEJKLINOPM
CDABGHEFKLIJOPMN
DABCHEFGLIJKPMNO
ABCDEFGHIJKLMNOP
BCDAFGHEJKLINOPM
CDABGHEFKLIJOPMN
DABCHEFGLIJKPMNO
ABCDEFGHIJKLMNOP
BCDAFGHEJKLINOPM
CDABGHEFKLIJOPMN
DABCHEFGLIJKPMNO
ABCDEFGHIJKLMNOP
BCDAFGHEJKLINOPM
CDABGHEFKLIJOPMN
DABCHEFGLIJKPMNO
ABCDEFGHIJKLMNOP

least Figures (blue):
12 Figures
Cast_Up→Cast_Four→Cast_Up→Cast_Four→Cast_Up→Cast_Four→Cast_Up→Cast_Four→Cast_Four→Cast_Four→Cast_Four→Cast_Four
ABCDEFGHIJKLMNOP
PABCDEFGHIJKLMNO
MBCDAFGHEJKLINOP
LABCPEFGDIJKHMNO
IBCDMFGHAJKLENOP
HABCLEFGPIJKDMNO
EBCDIFGHMJKLANOP
DABCHEFGLIJKPMNO
ABCDEFGHIJKLMNOP
BCDAFGHEJKLINOPM
CDABGHEFKLIJOPMN
DABCHEFGLIJKPMNO
ABCDEFGHIJKLMNOP

longest Distance (green):
384m
Cast_Four→Cast_Four→Cast_Four→Cast_Four→Cast_Four→Cast_Four→Cast_Four→Cast_Four→Cast_Four→Cast_Four→Cast_Four→Cast_Four→Cast_Four→Cast_Four→Cast_Four→Cast_Four
ABCDEFGHIJKLMNOP
BCDAFGHEJKLINOPM
CDABGHEFKLIJOPMN
DABCHEFGLIJKPMNO
ABCDEFGHIJKLMNOP
BCDAFGHEJKLINOPM
CDABGHEFKLIJOPMN
DABCHEFGLIJKPMNO
ABCDEFGHIJKLMNOP
BCDAFGHEJKLINOPM
CDABGHEFKLIJOPMN
DABCHEFGLIJKPMNO
ABCDEFGHIJKLMNOP
BCDAFGHEJKLINOPM
CDABGHEFKLIJOPMN
DABCHEFGLIJKPMNO
ABCDEFGHIJKLMNOP

shortest Distance (red):
312m
Cast_Up→Cast_Four→Cast_Up→Cast_Four→Cast_Up→Cast_Four→Cast_Up→Cast_Four→Cast_Four→Cast_Four→Cast_Four→Cast_Four
ABCDEFGHIJKLMNOP
PABCDEFGHIJKLMNO
MBCDAFGHEJKLINOP
LABCPEFGDIJKHMNO
IBCDMFGHAJKLENOP
HABCLEFGPIJKDMNO
EBCDIFGHMJKLANOP
DABCHEFGLIJKPMNO
ABCDEFGHIJKLMNOP
BCDAFGHEJKLINOPM
CDABGHEFKLIJOPMN
DABCHEFGLIJKPMNO
ABCDEFGHIJKLMNOP