Runtime: 0.12s

Distinct solutions: 47014

most distinct Figures (pink):
4 distinct Figures
Cycle_Back→Cycle_Back→Cycle_Back→Cycle_Back→Sides→Pairs→Pairs→Cycle_4→Cycle_4→Cycle_4
ABCDEFGHIJKLMNOP
PABCDEFGHIJKLMNO
OPABCDEFGHIJKLMN
NOPABCDEFGHIJKLM
MNOPABCDEFGHIJKL
EFGHIJKLMNOPABCD
FEHGJILKNMPOBADC
EFGHIJKLMNOPABCD
IJKLMNOPABCDEFGH
MNOPABCDEFGHIJKL
ABCDEFGHIJKLMNOP

most Figures (yellow):
16 Figures
Pairs→Pairs→Pairs→Pairs→Pairs→Pairs→Pairs→Pairs→Pairs→Pairs→Pairs→Pairs→Pairs→Pairs→Pairs→Pairs
ABCDEFGHIJKLMNOP
BADCFEHGJILKNMPO
ABCDEFGHIJKLMNOP
BADCFEHGJILKNMPO
ABCDEFGHIJKLMNOP
BADCFEHGJILKNMPO
ABCDEFGHIJKLMNOP
BADCFEHGJILKNMPO
ABCDEFGHIJKLMNOP
BADCFEHGJILKNMPO
ABCDEFGHIJKLMNOP
BADCFEHGJILKNMPO
ABCDEFGHIJKLMNOP
BADCFEHGJILKNMPO
ABCDEFGHIJKLMNOP
BADCFEHGJILKNMPO
ABCDEFGHIJKLMNOP

least Figures (blue):
4 Figures
Sides→Sides→Sides→Sides
ABCDEFGHIJKLMNOP
IJKLMNOPABCDEFGH
ABCDEFGHIJKLMNOP
IJKLMNOPABCDEFGH
ABCDEFGHIJKLMNOP

longest Distance (green):
768m
Cycle_4→Cycle_4→Cycle_4→Cycle_4→Cycle_4→Cycle_4→Cycle_4→Cycle_4
ABCDEFGHIJKLMNOP
EFGHIJKLMNOPABCD
IJKLMNOPABCDEFGH
MNOPABCDEFGHIJKL
ABCDEFGHIJKLMNOP
EFGHIJKLMNOPABCD
IJKLMNOPABCDEFGH
MNOPABCDEFGHIJKL
ABCDEFGHIJKLMNOP

shortest Distance (red):
256m
Pairs→Pairs→Pairs→Pairs→Pairs→Pairs→Pairs→Pairs→Pairs→Pairs→Pairs→Pairs→Pairs→Pairs→Pairs→Pairs
ABCDEFGHIJKLMNOP
BADCFEHGJILKNMPO
ABCDEFGHIJKLMNOP
BADCFEHGJILKNMPO
ABCDEFGHIJKLMNOP
BADCFEHGJILKNMPO
ABCDEFGHIJKLMNOP
BADCFEHGJILKNMPO
ABCDEFGHIJKLMNOP
BADCFEHGJILKNMPO
ABCDEFGHIJKLMNOP
BADCFEHGJILKNMPO
ABCDEFGHIJKLMNOP
BADCFEHGJILKNMPO
ABCDEFGHIJKLMNOP
BADCFEHGJILKNMPO
ABCDEFGHIJKLMNOP