Runtime: 0.16s

Distinct solutions: 1252

most distinct Figures (pink):
2 distinct Figures
Spot_Turn→Hip_Twist→Hip_Twist→Hip_Twist→Hip_Twist→Hip_Twist→Hip_Twist→Hip_Twist→Hip_Twist→Hip_Twist→Hip_Twist→Hip_Twist→Hip_Twist→Hip_Twist→Hip_Twist→Hip_Twist→Hip_Twist→Hip_Twist→Hip_Twist→Hip_Twist→Hip_Twist
ABCDEFGHIJKLMNOP
DBNMJFPGIOKCALEH
LBPCDFJEKMIGNHAO
HBJGLFDAICKEPONM
OBDEHFLNKGIAJMPC
MBLAOFHPIEKNDCJG
CBHNMFOJKAIPLGDE
GBOPCFMDINKJHELA
EBMJGFCLKPIDOAHN
ABCDEFGHIJKLMNOP
NBGLAFEOKDIHCPMJ
PBEHNFAMILKOGJCD
JBAOPFNCKHIMEDGL
DBNMJFPGIOKCALEH
LBPCDFJEKMIGNHAO
HBJGLFDAICKEPONM
OBDEHFLNKGIAJMPC
MBLAOFHPIEKNDCJG
CBHNMFOJKAIPLGDE
GBOPCFMDINKJHELA
EBMJGFCLKPIDOAHN
ABCDEFGHIJKLMNOP

most Figures (yellow):
24 Figures
Hip_Twist→Hip_Twist→Hip_Twist→Hip_Twist→Hip_Twist→Hip_Twist→Hip_Twist→Hip_Twist→Hip_Twist→Hip_Twist→Hip_Twist→Hip_Twist→Hip_Twist→Hip_Twist→Hip_Twist→Hip_Twist→Hip_Twist→Hip_Twist→Hip_Twist→Hip_Twist→Hip_Twist→Hip_Twist→Hip_Twist→Hip_Twist
ABCDEFGHIJKLMNOP
NBGLAFEOKDIHCPMJ
PBEHNFAMILKOGJCD
JBAOPFNCKHIMEDGL
DBNMJFPGIOKCALEH
LBPCDFJEKMIGNHAO
HBJGLFDAICKEPONM
OBDEHFLNKGIAJMPC
MBLAOFHPIEKNDCJG
CBHNMFOJKAIPLGDE
GBOPCFMDINKJHELA
EBMJGFCLKPIDOAHN
ABCDEFGHIJKLMNOP
NBGLAFEOKDIHCPMJ
PBEHNFAMILKOGJCD
JBAOPFNCKHIMEDGL
DBNMJFPGIOKCALEH
LBPCDFJEKMIGNHAO
HBJGLFDAICKEPONM
OBDEHFLNKGIAJMPC
MBLAOFHPIEKNDCJG
CBHNMFOJKAIPLGDE
GBOPCFMDINKJHELA
EBMJGFCLKPIDOAHN
ABCDEFGHIJKLMNOP

least Figures (blue):
6 Figures
Spot_Turn→Spot_Turn→Spot_Turn→Spot_Turn→Spot_Turn→Spot_Turn
ABCDEFGHIJKLMNOP
DBNMJFPGIOKCALEH
MBLAOFHPIEKNDCJG
ABCDEFGHIJKLMNOP
DBNMJFPGIOKCALEH
MBLAOFHPIEKNDCJG
ABCDEFGHIJKLMNOP

longest Distance (green):
1728m
Hip_Twist→Hip_Twist→Hip_Twist→Hip_Twist→Hip_Twist→Hip_Twist→Hip_Twist→Hip_Twist→Hip_Twist→Hip_Twist→Hip_Twist→Hip_Twist→Hip_Twist→Hip_Twist→Hip_Twist→Hip_Twist→Hip_Twist→Hip_Twist→Hip_Twist→Hip_Twist→Hip_Twist→Hip_Twist→Hip_Twist→Hip_Twist
ABCDEFGHIJKLMNOP
NBGLAFEOKDIHCPMJ
PBEHNFAMILKOGJCD
JBAOPFNCKHIMEDGL
DBNMJFPGIOKCALEH
LBPCDFJEKMIGNHAO
HBJGLFDAICKEPONM
OBDEHFLNKGIAJMPC
MBLAOFHPIEKNDCJG
CBHNMFOJKAIPLGDE
GBOPCFMDINKJHELA
EBMJGFCLKPIDOAHN
ABCDEFGHIJKLMNOP
NBGLAFEOKDIHCPMJ
PBEHNFAMILKOGJCD
JBAOPFNCKHIMEDGL
DBNMJFPGIOKCALEH
LBPCDFJEKMIGNHAO
HBJGLFDAICKEPONM
OBDEHFLNKGIAJMPC
MBLAOFHPIEKNDCJG
CBHNMFOJKAIPLGDE
GBOPCFMDINKJHELA
EBMJGFCLKPIDOAHN
ABCDEFGHIJKLMNOP

shortest Distance (red):
504m
Spot_Turn→Spot_Turn→Spot_Turn→Spot_Turn→Spot_Turn→Spot_Turn
ABCDEFGHIJKLMNOP
DBNMJFPGIOKCALEH
MBLAOFHPIEKNDCJG
ABCDEFGHIJKLMNOP
DBNMJFPGIOKCALEH
MBLAOFHPIEKNDCJG
ABCDEFGHIJKLMNOP