Runtime: 0.429s

Distinct solutions: 326390935517389800

most distinct Figures (pink, maybe not Optimal):
2 distinct Figures
Cast_Up→Cast_Four→Cast_Up→Cast_Four→Cast_Up→Cast_Four→Cast_Up→Cast_Four→Cast_Four→Cast_Four→Cast_Four→Cast_Four→Cast_Four→Cast_Four→Cast_Four→Cast_Four→Cast_Four→Cast_Four→Cast_Four→Cast_Four→Cast_Four→Cast_Four→Cast_Four→Cast_Four→Cast_Four→Cast_Four→Cast_Four→Cast_Four→Cast_Four→Cast_Four→Cast_Four→Cast_Four→Cast_Four→Cast_Four→Cast_Four→Cast_Four→Cast_Four→Cast_Four→Cast_Four→Cast_Four→Cast_Four→Cast_Four→Cast_Four→Cast_Four→Cast_Four→Cast_Four→Cast_Four→Cast_Four→Cast_Four→Cast_Four→Cast_Four→Cast_Four→Cast_Four→Cast_Four→Cast_Four→Cast_Four→Cast_Four→Cast_Four→Cast_Four→Cast_Four→Cast_Four→Cast_Four→Cast_Four→Cast_Four→Cast_Four→Cast_Four→Cast_Four→Cast_Four→Cast_Four→Cast_Four→Cast_Four→Cast_Four→Cast_Four→Cast_Four→Cast_Four→Cast_Four→Cast_Four→Cast_Four→Cast_Four→Cast_Four→Cast_Four→Cast_Four→Cast_Four→Cast_Four→Cast_Four→Cast_Four→Cast_Four→Cast_Four→Cast_Four→Cast_Four→Cast_Four→Cast_Four
ABCDEFGHIJKLMNOP
PABCDEFGHIJKLMNO
MBCDAFGHEJKLINOP
LABCPEFGDIJKHMNO
IBCDMFGHAJKLENOP
HABCLEFGPIJKDMNO
EBCDIFGHMJKLANOP
DABCHEFGLIJKPMNO
ABCDEFGHIJKLMNOP
BCDAFGHEJKLINOPM
CDABGHEFKLIJOPMN
DABCHEFGLIJKPMNO
ABCDEFGHIJKLMNOP
BCDAFGHEJKLINOPM
CDABGHEFKLIJOPMN
DABCHEFGLIJKPMNO
ABCDEFGHIJKLMNOP
BCDAFGHEJKLINOPM
CDABGHEFKLIJOPMN
DABCHEFGLIJKPMNO
ABCDEFGHIJKLMNOP
BCDAFGHEJKLINOPM
CDABGHEFKLIJOPMN
DABCHEFGLIJKPMNO
ABCDEFGHIJKLMNOP
BCDAFGHEJKLINOPM
CDABGHEFKLIJOPMN
DABCHEFGLIJKPMNO
ABCDEFGHIJKLMNOP
BCDAFGHEJKLINOPM
CDABGHEFKLIJOPMN
DABCHEFGLIJKPMNO
ABCDEFGHIJKLMNOP
BCDAFGHEJKLINOPM
CDABGHEFKLIJOPMN
DABCHEFGLIJKPMNO
ABCDEFGHIJKLMNOP
BCDAFGHEJKLINOPM
CDABGHEFKLIJOPMN
DABCHEFGLIJKPMNO
ABCDEFGHIJKLMNOP
BCDAFGHEJKLINOPM
CDABGHEFKLIJOPMN
DABCHEFGLIJKPMNO
ABCDEFGHIJKLMNOP
BCDAFGHEJKLINOPM
CDABGHEFKLIJOPMN
DABCHEFGLIJKPMNO
ABCDEFGHIJKLMNOP
BCDAFGHEJKLINOPM
CDABGHEFKLIJOPMN
DABCHEFGLIJKPMNO
ABCDEFGHIJKLMNOP
BCDAFGHEJKLINOPM
CDABGHEFKLIJOPMN
DABCHEFGLIJKPMNO
ABCDEFGHIJKLMNOP
BCDAFGHEJKLINOPM
CDABGHEFKLIJOPMN
DABCHEFGLIJKPMNO
ABCDEFGHIJKLMNOP
BCDAFGHEJKLINOPM
CDABGHEFKLIJOPMN
DABCHEFGLIJKPMNO
ABCDEFGHIJKLMNOP
BCDAFGHEJKLINOPM
CDABGHEFKLIJOPMN
DABCHEFGLIJKPMNO
ABCDEFGHIJKLMNOP
BCDAFGHEJKLINOPM
CDABGHEFKLIJOPMN
DABCHEFGLIJKPMNO
ABCDEFGHIJKLMNOP
BCDAFGHEJKLINOPM
CDABGHEFKLIJOPMN
DABCHEFGLIJKPMNO
ABCDEFGHIJKLMNOP
BCDAFGHEJKLINOPM
CDABGHEFKLIJOPMN
DABCHEFGLIJKPMNO
ABCDEFGHIJKLMNOP
BCDAFGHEJKLINOPM
CDABGHEFKLIJOPMN
DABCHEFGLIJKPMNO
ABCDEFGHIJKLMNOP
BCDAFGHEJKLINOPM
CDABGHEFKLIJOPMN
DABCHEFGLIJKPMNO
ABCDEFGHIJKLMNOP
BCDAFGHEJKLINOPM
CDABGHEFKLIJOPMN
DABCHEFGLIJKPMNO
ABCDEFGHIJKLMNOP

most Figures (yellow):
96 Figures
Cast_Four→Cast_Four→Cast_Four→Cast_Four→Cast_Four→Cast_Four→Cast_Four→Cast_Four→Cast_Four→Cast_Four→Cast_Four→Cast_Four→Cast_Four→Cast_Four→Cast_Four→Cast_Four→Cast_Four→Cast_Four→Cast_Four→Cast_Four→Cast_Four→Cast_Four→Cast_Four→Cast_Four→Cast_Four→Cast_Four→Cast_Four→Cast_Four→Cast_Four→Cast_Four→Cast_Four→Cast_Four→Cast_Four→Cast_Four→Cast_Four→Cast_Four→Cast_Four→Cast_Four→Cast_Four→Cast_Four→Cast_Four→Cast_Four→Cast_Four→Cast_Four→Cast_Four→Cast_Four→Cast_Four→Cast_Four→Cast_Four→Cast_Four→Cast_Four→Cast_Four→Cast_Four→Cast_Four→Cast_Four→Cast_Four→Cast_Four→Cast_Four→Cast_Four→Cast_Four→Cast_Four→Cast_Four→Cast_Four→Cast_Four→Cast_Four→Cast_Four→Cast_Four→Cast_Four→Cast_Four→Cast_Four→Cast_Four→Cast_Four→Cast_Four→Cast_Four→Cast_Four→Cast_Four→Cast_Four→Cast_Four→Cast_Four→Cast_Four→Cast_Four→Cast_Four→Cast_Four→Cast_Four→Cast_Four→Cast_Four→Cast_Four→Cast_Four→Cast_Four→Cast_Four→Cast_Four→Cast_Four→Cast_Four→Cast_Four→Cast_Four→Cast_Four
ABCDEFGHIJKLMNOP
BCDAFGHEJKLINOPM
CDABGHEFKLIJOPMN
DABCHEFGLIJKPMNO
ABCDEFGHIJKLMNOP
BCDAFGHEJKLINOPM
CDABGHEFKLIJOPMN
DABCHEFGLIJKPMNO
ABCDEFGHIJKLMNOP
BCDAFGHEJKLINOPM
CDABGHEFKLIJOPMN
DABCHEFGLIJKPMNO
ABCDEFGHIJKLMNOP
BCDAFGHEJKLINOPM
CDABGHEFKLIJOPMN
DABCHEFGLIJKPMNO
ABCDEFGHIJKLMNOP
BCDAFGHEJKLINOPM
CDABGHEFKLIJOPMN
DABCHEFGLIJKPMNO
ABCDEFGHIJKLMNOP
BCDAFGHEJKLINOPM
CDABGHEFKLIJOPMN
DABCHEFGLIJKPMNO
ABCDEFGHIJKLMNOP
BCDAFGHEJKLINOPM
CDABGHEFKLIJOPMN
DABCHEFGLIJKPMNO
ABCDEFGHIJKLMNOP
BCDAFGHEJKLINOPM
CDABGHEFKLIJOPMN
DABCHEFGLIJKPMNO
ABCDEFGHIJKLMNOP
BCDAFGHEJKLINOPM
CDABGHEFKLIJOPMN
DABCHEFGLIJKPMNO
ABCDEFGHIJKLMNOP
BCDAFGHEJKLINOPM
CDABGHEFKLIJOPMN
DABCHEFGLIJKPMNO
ABCDEFGHIJKLMNOP
BCDAFGHEJKLINOPM
CDABGHEFKLIJOPMN
DABCHEFGLIJKPMNO
ABCDEFGHIJKLMNOP
BCDAFGHEJKLINOPM
CDABGHEFKLIJOPMN
DABCHEFGLIJKPMNO
ABCDEFGHIJKLMNOP
BCDAFGHEJKLINOPM
CDABGHEFKLIJOPMN
DABCHEFGLIJKPMNO
ABCDEFGHIJKLMNOP
BCDAFGHEJKLINOPM
CDABGHEFKLIJOPMN
DABCHEFGLIJKPMNO
ABCDEFGHIJKLMNOP
BCDAFGHEJKLINOPM
CDABGHEFKLIJOPMN
DABCHEFGLIJKPMNO
ABCDEFGHIJKLMNOP
BCDAFGHEJKLINOPM
CDABGHEFKLIJOPMN
DABCHEFGLIJKPMNO
ABCDEFGHIJKLMNOP
BCDAFGHEJKLINOPM
CDABGHEFKLIJOPMN
DABCHEFGLIJKPMNO
ABCDEFGHIJKLMNOP
BCDAFGHEJKLINOPM
CDABGHEFKLIJOPMN
DABCHEFGLIJKPMNO
ABCDEFGHIJKLMNOP
BCDAFGHEJKLINOPM
CDABGHEFKLIJOPMN
DABCHEFGLIJKPMNO
ABCDEFGHIJKLMNOP
BCDAFGHEJKLINOPM
CDABGHEFKLIJOPMN
DABCHEFGLIJKPMNO
ABCDEFGHIJKLMNOP
BCDAFGHEJKLINOPM
CDABGHEFKLIJOPMN
DABCHEFGLIJKPMNO
ABCDEFGHIJKLMNOP
BCDAFGHEJKLINOPM
CDABGHEFKLIJOPMN
DABCHEFGLIJKPMNO
ABCDEFGHIJKLMNOP
BCDAFGHEJKLINOPM
CDABGHEFKLIJOPMN
DABCHEFGLIJKPMNO
ABCDEFGHIJKLMNOP
BCDAFGHEJKLINOPM
CDABGHEFKLIJOPMN
DABCHEFGLIJKPMNO
ABCDEFGHIJKLMNOP

least Figures (blue):
48 Figures
Cast_Up→Cast_Up→Cast_Up→Cast_Up→Cast_Up→Cast_Up→Cast_Up→Cast_Up→Cast_Up→Cast_Up→Cast_Up→Cast_Up→Cast_Up→Cast_Up→Cast_Up→Cast_Up→Cast_Up→Cast_Up→Cast_Up→Cast_Up→Cast_Up→Cast_Up→Cast_Up→Cast_Up→Cast_Up→Cast_Up→Cast_Up→Cast_Up→Cast_Up→Cast_Up→Cast_Up→Cast_Up→Cast_Up→Cast_Up→Cast_Up→Cast_Up→Cast_Up→Cast_Up→Cast_Up→Cast_Up→Cast_Up→Cast_Up→Cast_Up→Cast_Up→Cast_Up→Cast_Up→Cast_Up→Cast_Up
ABCDEFGHIJKLMNOP
PABCDEFGHIJKLMNO
OPABCDEFGHIJKLMN
NOPABCDEFGHIJKLM
MNOPABCDEFGHIJKL
LMNOPABCDEFGHIJK
KLMNOPABCDEFGHIJ
JKLMNOPABCDEFGHI
IJKLMNOPABCDEFGH
HIJKLMNOPABCDEFG
GHIJKLMNOPABCDEF
FGHIJKLMNOPABCDE
EFGHIJKLMNOPABCD
DEFGHIJKLMNOPABC
CDEFGHIJKLMNOPAB
BCDEFGHIJKLMNOPA
ABCDEFGHIJKLMNOP
PABCDEFGHIJKLMNO
OPABCDEFGHIJKLMN
NOPABCDEFGHIJKLM
MNOPABCDEFGHIJKL
LMNOPABCDEFGHIJK
KLMNOPABCDEFGHIJ
JKLMNOPABCDEFGHI
IJKLMNOPABCDEFGH
HIJKLMNOPABCDEFG
GHIJKLMNOPABCDEF
FGHIJKLMNOPABCDE
EFGHIJKLMNOPABCD
DEFGHIJKLMNOPABC
CDEFGHIJKLMNOPAB
BCDEFGHIJKLMNOPA
ABCDEFGHIJKLMNOP
PABCDEFGHIJKLMNO
OPABCDEFGHIJKLMN
NOPABCDEFGHIJKLM
MNOPABCDEFGHIJKL
LMNOPABCDEFGHIJK
KLMNOPABCDEFGHIJ
JKLMNOPABCDEFGHI
IJKLMNOPABCDEFGH
HIJKLMNOPABCDEFG
GHIJKLMNOPABCDEF
FGHIJKLMNOPABCDE
EFGHIJKLMNOPABCD
DEFGHIJKLMNOPABC
CDEFGHIJKLMNOPAB
BCDEFGHIJKLMNOPA
ABCDEFGHIJKLMNOP

longest Distance (green):
2304m
Cast_Four→Cast_Four→Cast_Four→Cast_Four→Cast_Four→Cast_Four→Cast_Four→Cast_Four→Cast_Four→Cast_Four→Cast_Four→Cast_Four→Cast_Four→Cast_Four→Cast_Four→Cast_Four→Cast_Four→Cast_Four→Cast_Four→Cast_Four→Cast_Four→Cast_Four→Cast_Four→Cast_Four→Cast_Four→Cast_Four→Cast_Four→Cast_Four→Cast_Four→Cast_Four→Cast_Four→Cast_Four→Cast_Four→Cast_Four→Cast_Four→Cast_Four→Cast_Four→Cast_Four→Cast_Four→Cast_Four→Cast_Four→Cast_Four→Cast_Four→Cast_Four→Cast_Four→Cast_Four→Cast_Four→Cast_Four→Cast_Four→Cast_Four→Cast_Four→Cast_Four→Cast_Four→Cast_Four→Cast_Four→Cast_Four→Cast_Four→Cast_Four→Cast_Four→Cast_Four→Cast_Four→Cast_Four→Cast_Four→Cast_Four→Cast_Four→Cast_Four→Cast_Four→Cast_Four→Cast_Four→Cast_Four→Cast_Four→Cast_Four→Cast_Four→Cast_Four→Cast_Four→Cast_Four→Cast_Four→Cast_Four→Cast_Four→Cast_Four→Cast_Four→Cast_Four→Cast_Four→Cast_Four→Cast_Four→Cast_Four→Cast_Four→Cast_Four→Cast_Four→Cast_Four→Cast_Four→Cast_Four→Cast_Four→Cast_Four→Cast_Four→Cast_Four
ABCDEFGHIJKLMNOP
BCDAFGHEJKLINOPM
CDABGHEFKLIJOPMN
DABCHEFGLIJKPMNO
ABCDEFGHIJKLMNOP
BCDAFGHEJKLINOPM
CDABGHEFKLIJOPMN
DABCHEFGLIJKPMNO
ABCDEFGHIJKLMNOP
BCDAFGHEJKLINOPM
CDABGHEFKLIJOPMN
DABCHEFGLIJKPMNO
ABCDEFGHIJKLMNOP
BCDAFGHEJKLINOPM
CDABGHEFKLIJOPMN
DABCHEFGLIJKPMNO
ABCDEFGHIJKLMNOP
BCDAFGHEJKLINOPM
CDABGHEFKLIJOPMN
DABCHEFGLIJKPMNO
ABCDEFGHIJKLMNOP
BCDAFGHEJKLINOPM
CDABGHEFKLIJOPMN
DABCHEFGLIJKPMNO
ABCDEFGHIJKLMNOP
BCDAFGHEJKLINOPM
CDABGHEFKLIJOPMN
DABCHEFGLIJKPMNO
ABCDEFGHIJKLMNOP
BCDAFGHEJKLINOPM
CDABGHEFKLIJOPMN
DABCHEFGLIJKPMNO
ABCDEFGHIJKLMNOP
BCDAFGHEJKLINOPM
CDABGHEFKLIJOPMN
DABCHEFGLIJKPMNO
ABCDEFGHIJKLMNOP
BCDAFGHEJKLINOPM
CDABGHEFKLIJOPMN
DABCHEFGLIJKPMNO
ABCDEFGHIJKLMNOP
BCDAFGHEJKLINOPM
CDABGHEFKLIJOPMN
DABCHEFGLIJKPMNO
ABCDEFGHIJKLMNOP
BCDAFGHEJKLINOPM
CDABGHEFKLIJOPMN
DABCHEFGLIJKPMNO
ABCDEFGHIJKLMNOP
BCDAFGHEJKLINOPM
CDABGHEFKLIJOPMN
DABCHEFGLIJKPMNO
ABCDEFGHIJKLMNOP
BCDAFGHEJKLINOPM
CDABGHEFKLIJOPMN
DABCHEFGLIJKPMNO
ABCDEFGHIJKLMNOP
BCDAFGHEJKLINOPM
CDABGHEFKLIJOPMN
DABCHEFGLIJKPMNO
ABCDEFGHIJKLMNOP
BCDAFGHEJKLINOPM
CDABGHEFKLIJOPMN
DABCHEFGLIJKPMNO
ABCDEFGHIJKLMNOP
BCDAFGHEJKLINOPM
CDABGHEFKLIJOPMN
DABCHEFGLIJKPMNO
ABCDEFGHIJKLMNOP
BCDAFGHEJKLINOPM
CDABGHEFKLIJOPMN
DABCHEFGLIJKPMNO
ABCDEFGHIJKLMNOP
BCDAFGHEJKLINOPM
CDABGHEFKLIJOPMN
DABCHEFGLIJKPMNO
ABCDEFGHIJKLMNOP
BCDAFGHEJKLINOPM
CDABGHEFKLIJOPMN
DABCHEFGLIJKPMNO
ABCDEFGHIJKLMNOP
BCDAFGHEJKLINOPM
CDABGHEFKLIJOPMN
DABCHEFGLIJKPMNO
ABCDEFGHIJKLMNOP
BCDAFGHEJKLINOPM
CDABGHEFKLIJOPMN
DABCHEFGLIJKPMNO
ABCDEFGHIJKLMNOP
BCDAFGHEJKLINOPM
CDABGHEFKLIJOPMN
DABCHEFGLIJKPMNO
ABCDEFGHIJKLMNOP
BCDAFGHEJKLINOPM
CDABGHEFKLIJOPMN
DABCHEFGLIJKPMNO
ABCDEFGHIJKLMNOP

shortest Distance (red):
1440m
Cast_Up→Cast_Up→Cast_Up→Cast_Up→Cast_Up→Cast_Up→Cast_Up→Cast_Up→Cast_Up→Cast_Up→Cast_Up→Cast_Up→Cast_Up→Cast_Up→Cast_Up→Cast_Up→Cast_Up→Cast_Up→Cast_Up→Cast_Up→Cast_Up→Cast_Up→Cast_Up→Cast_Up→Cast_Up→Cast_Up→Cast_Up→Cast_Up→Cast_Up→Cast_Up→Cast_Up→Cast_Up→Cast_Up→Cast_Up→Cast_Up→Cast_Up→Cast_Up→Cast_Up→Cast_Up→Cast_Up→Cast_Up→Cast_Up→Cast_Up→Cast_Up→Cast_Up→Cast_Up→Cast_Up→Cast_Up
ABCDEFGHIJKLMNOP
PABCDEFGHIJKLMNO
OPABCDEFGHIJKLMN
NOPABCDEFGHIJKLM
MNOPABCDEFGHIJKL
LMNOPABCDEFGHIJK
KLMNOPABCDEFGHIJ
JKLMNOPABCDEFGHI
IJKLMNOPABCDEFGH
HIJKLMNOPABCDEFG
GHIJKLMNOPABCDEF
FGHIJKLMNOPABCDE
EFGHIJKLMNOPABCD
DEFGHIJKLMNOPABC
CDEFGHIJKLMNOPAB
BCDEFGHIJKLMNOPA
ABCDEFGHIJKLMNOP
PABCDEFGHIJKLMNO
OPABCDEFGHIJKLMN
NOPABCDEFGHIJKLM
MNOPABCDEFGHIJKL
LMNOPABCDEFGHIJK
KLMNOPABCDEFGHIJ
JKLMNOPABCDEFGHI
IJKLMNOPABCDEFGH
HIJKLMNOPABCDEFG
GHIJKLMNOPABCDEF
FGHIJKLMNOPABCDE
EFGHIJKLMNOPABCD
DEFGHIJKLMNOPABC
CDEFGHIJKLMNOPAB
BCDEFGHIJKLMNOPA
ABCDEFGHIJKLMNOP
PABCDEFGHIJKLMNO
OPABCDEFGHIJKLMN
NOPABCDEFGHIJKLM
MNOPABCDEFGHIJKL
LMNOPABCDEFGHIJK
KLMNOPABCDEFGHIJ
JKLMNOPABCDEFGHI
IJKLMNOPABCDEFGH
HIJKLMNOPABCDEFG
GHIJKLMNOPABCDEF
FGHIJKLMNOPABCDE
EFGHIJKLMNOPABCD
DEFGHIJKLMNOPABC
CDEFGHIJKLMNOPAB
BCDEFGHIJKLMNOPA
ABCDEFGHIJKLMNOP