Runtime: 0.259s

Distinct solutions: 2611443270928754000

most distinct Figures (pink, maybe not Optimal):
12 distinct Figures
custom3→custom9→custom7→custom5→custom2→custom11→custom1→custom6→custom10→custom8→custom4→custom3→custom0→custom2→custom1
ABCDEFGHIJKLMNOP
CADBGEHFKILJOMPN
DACBHEGFLIKJPMON
DCABHGEFLKIJPOMN
DCBAHGFELKJIPONM
BCDAFGHEJKLINOPM
ABCDEFGHIJKLMNOP
BDCAFHGEJLKINPOM
BCADFGEHJKILNOMP
CADBGEHFKILJOMPN
DBACHFEGLJIKPNMO
CABDGEFHKIJLOMNP
DCABHGEFLKIJPOMN
BACDFEGHJIKLNMOP
DACBHEGFLIKJPMON
ABCDEFGHIJKLMNOP

most Figures (yellow):
32 Figures
custom3→custom3→custom3→custom3→custom3→custom3→custom3→custom3→custom3→custom3→custom3→custom3→custom3→custom3→custom3→custom3→custom3→custom3→custom3→custom3→custom3→custom3→custom3→custom3→custom3→custom3→custom3→custom3→custom3→custom3→custom3→custom3
ABCDEFGHIJKLMNOP
CADBGEHFKILJOMPN
DCBAHGFELKJIPONM
BDACFHEGJLIKNPMO
ABCDEFGHIJKLMNOP
CADBGEHFKILJOMPN
DCBAHGFELKJIPONM
BDACFHEGJLIKNPMO
ABCDEFGHIJKLMNOP
CADBGEHFKILJOMPN
DCBAHGFELKJIPONM
BDACFHEGJLIKNPMO
ABCDEFGHIJKLMNOP
CADBGEHFKILJOMPN
DCBAHGFELKJIPONM
BDACFHEGJLIKNPMO
ABCDEFGHIJKLMNOP
CADBGEHFKILJOMPN
DCBAHGFELKJIPONM
BDACFHEGJLIKNPMO
ABCDEFGHIJKLMNOP
CADBGEHFKILJOMPN
DCBAHGFELKJIPONM
BDACFHEGJLIKNPMO
ABCDEFGHIJKLMNOP
CADBGEHFKILJOMPN
DCBAHGFELKJIPONM
BDACFHEGJLIKNPMO
ABCDEFGHIJKLMNOP
CADBGEHFKILJOMPN
DCBAHGFELKJIPONM
BDACFHEGJLIKNPMO
ABCDEFGHIJKLMNOP

least Figures (blue):
8 Figures
custom0→custom0→custom0→custom0→custom0→custom0→custom0→custom0
ABCDEFGHIJKLMNOP
CDABGHEFKLIJOPMN
ABCDEFGHIJKLMNOP
CDABGHEFKLIJOPMN
ABCDEFGHIJKLMNOP
CDABGHEFKLIJOPMN
ABCDEFGHIJKLMNOP
CDABGHEFKLIJOPMN
ABCDEFGHIJKLMNOP

longest Distance (green):
768m
custom3→custom3→custom3→custom3→custom3→custom3→custom3→custom3→custom3→custom3→custom3→custom3→custom3→custom3→custom3→custom3→custom3→custom3→custom3→custom3→custom3→custom3→custom3→custom3→custom3→custom3→custom3→custom3→custom3→custom3→custom3→custom3
ABCDEFGHIJKLMNOP
CADBGEHFKILJOMPN
DCBAHGFELKJIPONM
BDACFHEGJLIKNPMO
ABCDEFGHIJKLMNOP
CADBGEHFKILJOMPN
DCBAHGFELKJIPONM
BDACFHEGJLIKNPMO
ABCDEFGHIJKLMNOP
CADBGEHFKILJOMPN
DCBAHGFELKJIPONM
BDACFHEGJLIKNPMO
ABCDEFGHIJKLMNOP
CADBGEHFKILJOMPN
DCBAHGFELKJIPONM
BDACFHEGJLIKNPMO
ABCDEFGHIJKLMNOP
CADBGEHFKILJOMPN
DCBAHGFELKJIPONM
BDACFHEGJLIKNPMO
ABCDEFGHIJKLMNOP
CADBGEHFKILJOMPN
DCBAHGFELKJIPONM
BDACFHEGJLIKNPMO
ABCDEFGHIJKLMNOP
CADBGEHFKILJOMPN
DCBAHGFELKJIPONM
BDACFHEGJLIKNPMO
ABCDEFGHIJKLMNOP
CADBGEHFKILJOMPN
DCBAHGFELKJIPONM
BDACFHEGJLIKNPMO
ABCDEFGHIJKLMNOP

shortest Distance (red):
176m
custom5→custom5→custom4→custom4→custom4→custom4→custom4→custom4→custom4→custom4→custom4→custom4
ABCDEFGHIJKLMNOP
BACDFEGHJIKLNMOP
ABCDEFGHIJKLMNOP
BADCFEHGJILKNMPO
ABCDEFGHIJKLMNOP
BADCFEHGJILKNMPO
ABCDEFGHIJKLMNOP
BADCFEHGJILKNMPO
ABCDEFGHIJKLMNOP
BADCFEHGJILKNMPO
ABCDEFGHIJKLMNOP
BADCFEHGJILKNMPO
ABCDEFGHIJKLMNOP