Runtime: 0.177s

Distinct solutions: 70410

most distinct Figures (pink):
4 distinct Figures
custom14→custom3→custom1→custom0
ABCDEFGHIJKLMNOP
CABDGEFHKIJLOMNP
BDCAFHGEJLKINPOM
CDABGHEFKLIJOPMN
ABCDEFGHIJKLMNOP

most Figures (yellow):
4 Figures
custom0→custom0→custom0→custom0
ABCDEFGHIJKLMNOP
CDABGHEFKLIJOPMN
ABCDEFGHIJKLMNOP
CDABGHEFKLIJOPMN
ABCDEFGHIJKLMNOP

least Figures (blue):
4 Figures
custom0→custom0→custom0→custom0
ABCDEFGHIJKLMNOP
CDABGHEFKLIJOPMN
ABCDEFGHIJKLMNOP
CDABGHEFKLIJOPMN
ABCDEFGHIJKLMNOP

longest Distance (green):
128m
custom0→custom0→custom0→custom0
ABCDEFGHIJKLMNOP
CDABGHEFKLIJOPMN
ABCDEFGHIJKLMNOP
CDABGHEFKLIJOPMN
ABCDEFGHIJKLMNOP

shortest Distance (red):
32m
custom13→custom13→custom13→custom13
ABCDEFGHIJKLMNOP
BACDFEGHJIKLNMOP
ABCDEFGHIJKLMNOP
BACDFEGHJIKLNMOP
ABCDEFGHIJKLMNOP