Runtime: 0.234s

Distinct solutions: 225631

most distinct Figures (pink, maybe not Optimal):
4 distinct Figures
custom37→custom2→custom1→custom0
ABCDEFGHIJKLMNOP
ADCBEHGFILKJMPON
DBCAHFGELJKIPNOM
ABDCEFHGIJLKMNPO
ABCDEFGHIJKLMNOP

most Figures (yellow):
4 Figures
custom0→custom0→custom0→custom0
ABCDEFGHIJKLMNOP
ABDCEFHGIJLKMNPO
ABCDEFGHIJKLMNOP
ABDCEFHGIJLKMNPO
ABCDEFGHIJKLMNOP

least Figures (blue):
4 Figures
custom0→custom0→custom0→custom0
ABCDEFGHIJKLMNOP
ABDCEFHGIJLKMNPO
ABCDEFGHIJKLMNOP
ABDCEFHGIJLKMNPO
ABCDEFGHIJKLMNOP

longest Distance (green):
128m
custom3→custom3→custom3→custom3
ABCDEFGHIJKLMNOP
DCBAHGFELKJIPONM
ABCDEFGHIJKLMNOP
DCBAHGFELKJIPONM
ABCDEFGHIJKLMNOP

shortest Distance (red):
0m
custom10→custom10→custom10→custom10
ABCDEFGHIJKLMNOP
ABCDEFGHIJKLMNOP
ABCDEFGHIJKLMNOP
ABCDEFGHIJKLMNOP
ABCDEFGHIJKLMNOP