Runtime: 0.105s

Distinct solutions: 653908921

most distinct Figures (pink, maybe not Optimal):
6 distinct Figures
custom4→custom3→custom5→custom2→custom0→custom2→custom1→custom0→custom0→custom0
ABCDEFGHIJKLMNOP
BCADFGEHJKILNOMP
BDACFHEGJLIKNPMO
DBCAHFGELJKIPNOM
DCBAHGFELKJIPONM
ADBCEHFGILJKMPNO
ADCBEHGFILKJMPON
ABCDEFGHIJKLMNOP
CBDAGFHEKJLIONPM
DBACHFEGLJIKPNMO
ABCDEFGHIJKLMNOP

most Figures (yellow):
24 Figures
custom2→custom2→custom2→custom2→custom2→custom2→custom2→custom2→custom2→custom2→custom2→custom2→custom2→custom2→custom2→custom2→custom2→custom2→custom2→custom2→custom2→custom2→custom2→custom2
ABCDEFGHIJKLMNOP
ACBDEGFHIKJLMONP
ABCDEFGHIJKLMNOP
ACBDEGFHIKJLMONP
ABCDEFGHIJKLMNOP
ACBDEGFHIKJLMONP
ABCDEFGHIJKLMNOP
ACBDEGFHIKJLMONP
ABCDEFGHIJKLMNOP
ACBDEGFHIKJLMONP
ABCDEFGHIJKLMNOP
ACBDEGFHIKJLMONP
ABCDEFGHIJKLMNOP
ACBDEGFHIKJLMONP
ABCDEFGHIJKLMNOP
ACBDEGFHIKJLMONP
ABCDEFGHIJKLMNOP
ACBDEGFHIKJLMONP
ABCDEFGHIJKLMNOP
ACBDEGFHIKJLMONP
ABCDEFGHIJKLMNOP
ACBDEGFHIKJLMONP
ABCDEFGHIJKLMNOP
ACBDEGFHIKJLMONP
ABCDEFGHIJKLMNOP

least Figures (blue):
6 Figures
custom1→custom1→custom1→custom1→custom1→custom1
ABCDEFGHIJKLMNOP
ADCBEHGFILKJMPON
ABCDEFGHIJKLMNOP
ADCBEHGFILKJMPON
ABCDEFGHIJKLMNOP
ADCBEHGFILKJMPON
ABCDEFGHIJKLMNOP

longest Distance (green):
384m
custom5→custom5→custom5→custom5→custom5→custom5→custom5→custom5→custom5→custom5→custom5→custom5
ABCDEFGHIJKLMNOP
CDABGHEFKLIJOPMN
ABCDEFGHIJKLMNOP
CDABGHEFKLIJOPMN
ABCDEFGHIJKLMNOP
CDABGHEFKLIJOPMN
ABCDEFGHIJKLMNOP
CDABGHEFKLIJOPMN
ABCDEFGHIJKLMNOP
CDABGHEFKLIJOPMN
ABCDEFGHIJKLMNOP
CDABGHEFKLIJOPMN
ABCDEFGHIJKLMNOP

shortest Distance (red):
96m
custom1→custom1→custom1→custom1→custom1→custom1
ABCDEFGHIJKLMNOP
ADCBEHGFILKJMPON
ABCDEFGHIJKLMNOP
ADCBEHGFILKJMPON
ABCDEFGHIJKLMNOP
ADCBEHGFILKJMPON
ABCDEFGHIJKLMNOP